0 info it worked if it ends with ok
1 verbose cli [ '/usr/local/bin/node', '/usr/local/bin/npm', 'info', 'quickly' ]
2 info using npm@2.0.0
3 info using node@v0.11.14
4 verbose mapToRegistry name quickly
5 verbose mapToRegistry uri https://registry.npmjs.org/quickly
6 verbose request on initialization, where is /quickly
7 verbose request after pass 1, where is /quickly
8 verbose request url raw /quickly
9 verbose request resolving registry [ 'https://registry.npmjs.org/', './quickly' ]
10 verbose request after pass 2, where is https://registry.npmjs.org/quickly
11 verbose request no auth needed
12 info attempt registry request try #1 at 16:27:17
13 verbose request id 03c64b45d9e90fa9
14 http request GET https://registry.npmjs.org/quickly
15 http 404 https://registry.npmjs.org/quickly
16 silly registry.get cb [ 404,
16 silly registry.get   { date: 'Tue, 24 Feb 2015 00:27:15 GMT',
16 silly registry.get     server: 'CouchDB/1.5.0 (Erlang OTP/R16B03)',
16 silly registry.get     etag: '"6ZIMGWUWC24NJ16FZMYNPCRZA"',
16 silly registry.get     'content-type': 'application/json',
16 silly registry.get     'cache-control': 'max-age=0',
16 silly registry.get     'content-length': '517',
16 silly registry.get     'accept-ranges': 'bytes',
16 silly registry.get     via: '1.1 varnish',
16 silly registry.get     age: '0',
16 silly registry.get     'x-served-by': 'cache-jfk1020-JFK',
16 silly registry.get     'x-cache': 'MISS',
16 silly registry.get     'x-cache-hits': '0',
16 silly registry.get     'x-timer': 'S1424737635.198405,VS0,VE76',
16 silly registry.get     vary: 'Accept',
16 silly registry.get     connection: 'close' } ]
17 verbose stack Error: Unpublished by bluejeansandrain on 2014-11-19T18:24:28.659Z
17 verbose stack     at /usr/local/lib/node_modules/npm/lib/view.js:80:14
17 verbose stack     at saved (/usr/local/lib/node_modules/npm/node_modules/npm-registry-client/lib/get.js:167:7)
17 verbose stack     at Object.oncomplete (fs.js:93:15)
18 verbose statusCode 404
19 verbose pkgid quickly
20 verbose cwd /private/var/www/nimble
21 error Darwin 14.0.0
22 error argv "/usr/local/bin/node" "/usr/local/bin/npm" "info" "quickly"
23 error node v0.11.14
24 error npm  v2.0.0
25 error code E404
26 error 404 Unpublished by bluejeansandrain on 2014-11-19T18:24:28.659Z
26 error 404
26 error 404 'quickly' is not in the npm registry.
26 error 404 You should bug the author to publish it (or use the name yourself!)
26 error 404
26 error 404 Note that you can also install from a
26 error 404 tarball, folder, http url, or git url.
27 verbose exit [ 1, true ]
